<?xml version="1.0" encoding="UTF-8"?>
<!-- Generated by org.testng.reporters.JUnitReportReporter -->
<testsuite skipped="0" hostname="LAPTOP-JHCO5B84" name="scripts.Amazon_Flipkart_testcase" tests="1" failures="0" timestamp="22 Nov 2019 10:05:08 GMT" time="42.957" errors="0">
  <testcase name="start" time="42.957" classname="scripts.Amazon_Flipkart_testcase"/>
</testsuite> <!-- scripts.Amazon_Flipkart_testcase -->
